<?xml version="1.0" encoding="UTF-8"?>
<testsuite xmlns:xsi="http://www.w3.org/2001/XMLSchema-instance" xsi:noNamespaceSchemaLocation="https://maven.apache.org/surefire/maven-surefire-plugin/xsd/surefire-test-report.xsd" version="3.0.2" name="resume.landing.LandingApplicationTests" time="2.159" tests="1" errors="0" skipped="0" failures="0">
  <properties>
[...]
</properties>
  <testcase name="contextLoads" classname="resume.landing.LandingApplicationTests" time="0.875">
    <system-out><![CDATA[19:43:11.800 [main] INFO org.springframework.test.context.support.AnnotationConfigContextLoaderUtils -- Could not detect default configuration classes for test class [resume.landing.LandingApplicationTests]: LandingApplicationTests does not declare any static, non-private, non-final, nested classes annotated with @Configuration.
19:43:11.940 [main] INFO org.springframework.boot.test.context.SpringBootTestContextBootstrapper -- Found @SpringBootConfiguration resume.landing.LandingApplication for test class resume.landing.LandingApplicationTests

  .   ____          _            __ _ _
 /\\ / ___'_ __ _ _(_)_ __  __ _ \ \ \ \
( ( )\___ | '_ | '_| | '_ \/ _` | \ \ \ \
 \\/  ___)| |_)| | | | | || (_| |  ) ) ) )
  '  |____| .__|_| |_|_| |_\__, | / / / /
 =========|_|==============|___/=/_/_/_/

 :: Spring Boot ::                (v4.0.0)

2025-12-11T19:43:12.452+08:00  INFO 12912 --- [landing] [           main] resume.landing.LandingApplicationTests   : Starting LandingApplicationTests v3.9 using Java 25.0.1 with PID 12912 (started by lienon in c:\Users\lienon\Desktop\api\landing)
2025-12-11T19:43:12.454+08:00  INFO 12912 --- [landing] [           main] resume.landing.LandingApplicationTests   : No active profile set, falling back to 1 default profile: "default"
2025-12-11T19:43:12.881+08:00  INFO 12912 --- [landing] [           main] resume.landing.LandingApplicationTests   : Started LandingApplicationTests in 0.783 seconds (process running for 2.032)
]]></system-out>
    <system-err><![CDATA[Mockito is currently self-attaching to enable the inline-mock-maker. This will no longer work in future releases of the JDK. Please add Mockito as an agent to your build as described in Mockito's documentation: https://javadoc.io/doc/org.mockito/mockito-core/latest/org.mockito/org/mockito/Mockito.html#0.3
WARNING: A Java agent has been loaded dynamically (C:\Users\lienon\.m2\repository\net\bytebuddy\byte-buddy-agent\1.17.8\byte-buddy-agent-1.17.8.jar)
WARNING: If a serviceability tool is in use, please run with -XX:+EnableDynamicAgentLoading to hide this warning
WARNING: If a serviceability tool is not in use, please run with -Djdk.instrument.traceUsage for more information
WARNING: Dynamic loading of agents will be disallowed by default in a future release
]]></system-err>
  </testcase>
</testsuite>